Informational Output for PART: C:\Users\Komputronik\Desktop\LANG SYSTEM\Makro-Grip Automation Vice 125 Soft Jaws\Makro-Grip Automation Vice 125 OP1 PTS.prt
Created By:    Komputronik
Creation Date: Sat Jan 20 20:40:59 2018
===============================================

+++MOM WARNING+++
Info: MISSING EVENT HANDLER: Event Name: WIZD_mill_planar__mill_planar

Informational Output for PART: C:\Users\Komputronik\Desktop\LANG SYSTEM\Makro-Grip Automation Vice 125 Soft Jaws\Makro-Grip Automation Vice 125 OP1 PTS.prt
Created By:    Komputronik
Creation Date: Sat Jan 20 20:41:03 2018
===============================================

+++MOM WARNING+++
Info: MISSING EVENT HANDLER: Event Name: WIZD_mill_planar__mill

Informational Output for PART: C:\Users\Komputronik\Desktop\LANG SYSTEM\Makro-Grip Automation Vice 125 Soft Jaws\Makro-Grip Automation Vice 125 OP1 PTS.prt
Created By:    Komputronik
Creation Date: Sat Jan 20 20:55:52 2018
===============================================

+++MOM WARNING+++
Info: MISSING EVENT HANDLER: Event Name: WIZD_mill_planar__floor_wall


+++MOM WARNING+++
Info: MISSING EVENT HANDLER: Event Name: WIZD_mill_planar__face_milling


+++MOM WARNING+++
Info: MISSING EVENT HANDLER: Event Name: WIZD_mill_planar__floor_wall_ipw


+++MOM WARNING+++
Info: MISSING EVENT HANDLER: Event Name: WIZD_mill_planar__planar_profile


+++MOM WARNING+++
Info: MISSING EVENT HANDLER: Event Name: WIZD_hole_making__hole_chamfer_milling

